<?xml version="1.0" encoding="UTF-8"?>
<!-- Generated by org.testng.reporters.JUnitReportReporter -->
<testsuite hostname="LAPTOP-RGN3DGNM" failures="0" tests="1" name="electronics.TC_DWS_020_Test" time="5.592" errors="0" timestamp="2025-05-31T15:47:35 IST" skipped="0">
  <testcase classname="electronics.TC_DWS_020_Test" name="clickOnElectronics" time="5.592"/>
</testsuite> <!-- electronics.TC_DWS_020_Test -->
